<?xml version="1.0" encoding="UTF-8"?>
<!-- Generated by org.testng.reporters.JUnitReportReporter -->
<testsuite skipped="0" hostname="gleb-Swift-SF314-41G" name="TestFTPConnection" tests="3" failures="0" timestamp="11 Aug 2022 13:39:01 GMT" time="6.678" errors="0">
  <testcase name="establishConnectionWithWrongAuthorizationData" time="6.268" classname="TestFTPConnection"/>
  <testcase name="establishConnectionWithWrongHostName" time="0.002" classname="TestFTPConnection"/>
  <testcase name="successfulEstablishConnection" time="0.408" classname="TestFTPConnection"/>
</testsuite> <!-- TestFTPConnection -->
