<?xml version="1.0" encoding="UTF-8"?>
<!-- Generated by org.testng.reporters.JUnitReportReporter -->
<testsuite skipped="0" hostname="gleb-Swift-SF314-41G" name="TestCommandManager" tests="2" failures="0" timestamp="11 Aug 2022 13:39:01 GMT" time="5.313" errors="0">
  <testcase name="commandManagerWithConnectionServerUpdate" time="1.803" classname="TestCommandManager"/>
  <testcase name="commandManagerWithNoConnectionServerUpdate" time="3.510" classname="TestCommandManager"/>
</testsuite> <!-- TestCommandManager -->
