<?xml version="1.0" encoding="UTF-8"?>
<!-- Generated by org.testng.reporters.JUnitReportReporter -->
<testsuite skipped="0" hostname="gleb-Swift-SF314-41G" name="TestFTPConnection" tests="3" failures="0" timestamp="11 Aug 2022 12:47:38 GMT" time="6.360" errors="0">
  <testcase name="establishConnectionWithWrongHostName" time="0.003" classname="TestFTPConnection"/>
  <testcase name="establishConnectionWithWrongAuthorizationData" time="5.329" classname="TestFTPConnection"/>
  <testcase name="successfulEstablishConnection" time="1.028" classname="TestFTPConnection"/>
</testsuite> <!-- TestFTPConnection -->
