<?xml version="1.0" encoding="UTF-8"?>
<!-- Generated by org.testng.reporters.JUnitReportReporter -->
<testsuite skipped="0" hostname="gleb-Swift-SF314-41G" name="TestStudent" tests="3" failures="0" timestamp="11 Aug 2022 12:47:38 GMT" time="0.000" errors="0">
  <testcase name="getID" time="0.000" classname="TestStudent"/>
  <testcase name="stringEquivalent" time="0.000" classname="TestStudent"/>
  <testcase name="getName" time="0.000" classname="TestStudent"/>
</testsuite> <!-- TestStudent -->
