<?xml version="1.0" encoding="UTF-8"?>
<!-- Generated by org.testng.reporters.JUnitReportReporter -->
<testsuite skipped="0" hostname="gleb-Swift-SF314-41G" name="TestCommandManager" tests="2" failures="0" timestamp="11 Aug 2022 12:47:38 GMT" time="2.966" errors="0">
  <testcase name="commandManagerWithNoConnectionServerUpdate" time="1.817" classname="TestCommandManager"/>
  <testcase name="commandManagerWithConnectionServerUpdate" time="1.149" classname="TestCommandManager"/>
</testsuite> <!-- TestCommandManager -->
