<?xml version="1.0" encoding="UTF-8"?>
<!-- Generated by org.testng.reporters.JUnitReportReporter -->
<testsuite skipped="0" hostname="gleb-Swift-SF314-41G" name="TestCommands" tests="9" failures="0" timestamp="11 Aug 2022 12:47:38 GMT" time="0.014" errors="0">
  <testcase name="removeExistingStudent" time="0.001" classname="TestCommands"/>
  <testcase name="addStudent" time="0.004" classname="TestCommands"/>
  <testcase name="findStudentUsingNotIntId" time="0.001" classname="TestCommands"/>
  <testcase name="removeUsingNotIntID" time="0.001" classname="TestCommands"/>
  <testcase name="findExistingStudent" time="0.002" classname="TestCommands"/>
  <testcase name="removeNotExistingStudent" time="0.002" classname="TestCommands"/>
  <testcase name="addStudentsWhenNoId" time="0.001" classname="TestCommands"/>
  <testcase name="findNotExistingStudent" time="0.002" classname="TestCommands"/>
  <testcase name="exitCommand" time="0.000" classname="TestCommands"/>
</testsuite> <!-- TestCommands -->
